[      87ms] [ERROR] Failed to load resource: the server responded with a status of 412 () @ https://sdk-refactor--accessflow--test.acsb-test.com/trpc/website.lastScan:0
[      87ms] [ERROR] Failed to load resource: the server responded with a status of 400 () @ https://sdk-refactor--accessflow--test.acsb-test.com/trpc/users.zendesk:0
[      89ms] [ERROR] Error: TRPCClientError: User not authenticated
    at TRPCClientError.from (https://sdk-refactor--accessflow--test.acsb-test.com/assets/index-utLCIGcZ.js:65:8000)
    at https://sdk-refactor--accessflow--test.acsb-test.com/assets/index-utLCIGcZ.js:65:11195 @ https://sdk-refactor--accessflow--test.acsb-test.com/assets/index-utLCIGcZ.js:8643
[      89ms] [ERROR] Component Stack: Unhandled Rejection @ https://sdk-refactor--accessflow--test.acsb-test.com/assets/index-utLCIGcZ.js:8643
[      90ms] TRPCClientError: User not authenticated
    at TRPCClientError.from (https://sdk-refactor--accessflow--test.acsb-test.com/assets/index-utLCIGcZ.js:65:8000)
    at https://sdk-refactor--accessflow--test.acsb-test.com/assets/index-utLCIGcZ.js:65:11195
[      94ms] [ERROR] Failed to load resource: the server responded with a status of 412 () @ https://sdk-refactor--accessflow--test.acsb-test.com/trpc/users.me:0
[     139ms] [ERROR] Failed to load resource: the server responded with a status of 412 () @ https://sdk-refactor--accessflow--test.acsb-test.com/trpc/website.active?input=%7B%22domain%22%3Anull%7D:0
[     143ms] [ERROR] Failed to load resource: the server responded with a status of 412 () @ https://sdk-refactor--accessflow--test.acsb-test.com/trpc/rules.allById:0
[     474ms] [WARNING] Missing translation key:embeddable_framework.messenger.sources_cited.title_and_button @ https://static.zdassets.com/web_widget/messenger/latest/web-widget-main-3f24de8.js:1
[     828ms] [WARNING] Missing translation key:embeddable_framework.messenger.sources_cited.title_and_button @ https://static.zdassets.com/web_widget/messenger/latest/web-widget-main-3f24de8.js:1
[     831ms] [WARNING] Missing translation key:embeddable_framework.messenger.sources_cited.title_and_button @ https://static.zdassets.com/web_widget/messenger/latest/web-widget-main-3f24de8.js:1
[     833ms] [WARNING] Missing translation key:embeddable_framework.messenger.sources_cited.title_and_button @ https://static.zdassets.com/web_widget/messenger/latest/web-widget-main-3f24de8.js:1
[     838ms] [WARNING] Missing translation key:embeddable_framework.messenger.sources_cited.title_and_button @ https://static.zdassets.com/web_widget/messenger/latest/web-widget-main-3f24de8.js:1
[     839ms] [WARNING] Missing translation key:embeddable_framework.messenger.sources_cited.title_and_button @ https://static.zdassets.com/web_widget/messenger/latest/web-widget-main-3f24de8.js:1
[     841ms] [WARNING] Missing translation key:embeddable_framework.messenger.sources_cited.title_and_button @ https://static.zdassets.com/web_widget/messenger/latest/web-widget-main-3f24de8.js:1
[    2829ms] [ERROR] Failed to load resource: the server responded with a status of 412 () @ https://sdk-refactor--accessflow--test.acsb-test.com/trpc/website.checkSuccessfulScanExist:0
[    2959ms] [ERROR] Failed to load resource: the server responded with a status of 412 () @ https://sdk-refactor--accessflow--test.acsb-test.com/trpc/website.lastScan:0
[    2960ms] [ERROR] Failed to load resource: the server responded with a status of 412 () @ https://sdk-refactor--accessflow--test.acsb-test.com/trpc/website.active?input=%7B%22domain%22%3Anull%7D:0
[    2961ms] [ERROR] Failed to load resource: the server responded with a status of 400 () @ https://sdk-refactor--accessflow--test.acsb-test.com/trpc/users.zendesk:0
[    2961ms] [ERROR] Error: TRPCClientError: User not authenticated
    at TRPCClientError.from (https://sdk-refactor--accessflow--test.acsb-test.com/assets/index-utLCIGcZ.js:65:8000)
    at https://sdk-refactor--accessflow--test.acsb-test.com/assets/index-utLCIGcZ.js:65:11195 @ https://sdk-refactor--accessflow--test.acsb-test.com/assets/index-utLCIGcZ.js:8643
[    2961ms] [ERROR] Component Stack: Unhandled Rejection @ https://sdk-refactor--accessflow--test.acsb-test.com/assets/index-utLCIGcZ.js:8643
[    2997ms] TRPCClientError: User not authenticated
    at TRPCClientError.from (https://sdk-refactor--accessflow--test.acsb-test.com/assets/index-utLCIGcZ.js:65:8000)
    at https://sdk-refactor--accessflow--test.acsb-test.com/assets/index-utLCIGcZ.js:65:11195
[    2961ms] [ERROR] Failed to load resource: the server responded with a status of 412 () @ https://sdk-refactor--accessflow--test.acsb-test.com/trpc/users.me:0
[    2970ms] [ERROR] Failed to load resource: the server responded with a status of 412 () @ https://sdk-refactor--accessflow--test.acsb-test.com/trpc/rules.allById:0
[    3492ms] [ERROR] Failed to load resource: the server responded with a status of 412 () @ https://sdk-refactor--accessflow--test.acsb-test.com/trpc/users.me:0
[    3492ms] [ERROR] Error: TRPCClientError: PRECONDITION_FAILED
    at TRPCClientError.from (https://sdk-refactor--accessflow--test.acsb-test.com/assets/index-utLCIGcZ.js:65:8000)
    at https://sdk-refactor--accessflow--test.acsb-test.com/assets/index-utLCIGcZ.js:65:11195 @ https://sdk-refactor--accessflow--test.acsb-test.com/assets/index-utLCIGcZ.js:8643
[    3492ms] [ERROR] Component Stack: Unhandled Rejection @ https://sdk-refactor--accessflow--test.acsb-test.com/assets/index-utLCIGcZ.js:8643
[    3494ms] TRPCClientError: PRECONDITION_FAILED
    at TRPCClientError.from (https://sdk-refactor--accessflow--test.acsb-test.com/assets/index-utLCIGcZ.js:65:8000)
    at https://sdk-refactor--accessflow--test.acsb-test.com/assets/index-utLCIGcZ.js:65:11195
[    3504ms] [ERROR] Failed to load resource: the server responded with a status of 412 () @ https://sdk-refactor--accessflow--test.acsb-test.com/trpc/scans.getLastScans?input=%7B%22limit%22%3A30%7D:0
[    3505ms] [ERROR] Failed to load resource: the server responded with a status of 412 () @ https://sdk-refactor--accessflow--test.acsb-test.com/trpc/website.active?input=%7B%22domain%22%3Anull%7D:0
[    3505ms] [ERROR] Error: TRPCClientError: PRECONDITION_FAILED
    at TRPCClientError.from (https://sdk-refactor--accessflow--test.acsb-test.com/assets/index-utLCIGcZ.js:65:8000)
    at https://sdk-refactor--accessflow--test.acsb-test.com/assets/index-utLCIGcZ.js:65:11195 @ https://sdk-refactor--accessflow--test.acsb-test.com/assets/index-utLCIGcZ.js:8643
[    3505ms] [ERROR] Component Stack: Unhandled Rejection @ https://sdk-refactor--accessflow--test.acsb-test.com/assets/index-utLCIGcZ.js:8643
[    3511ms] TRPCClientError: PRECONDITION_FAILED
    at TRPCClientError.from (https://sdk-refactor--accessflow--test.acsb-test.com/assets/index-utLCIGcZ.js:65:8000)
    at https://sdk-refactor--accessflow--test.acsb-test.com/assets/index-utLCIGcZ.js:65:11195
[    3822ms] [ERROR] Failed to load resource: the server responded with a status of 404 () @ https://sdk-refactor--accessflow--test.acsb-test.com/trpc/website.mixpanelData:0
[    3823ms] [ERROR] TRPCClientError: Website not found
    at TRPCClientError.from (https://sdk-refactor--accessflow--test.acsb-test.com/assets/index-utLCIGcZ.js:65:8000)
    at https://sdk-refactor--accessflow--test.acsb-test.com/assets/index-utLCIGcZ.js:65:11195 @ https://sdk-refactor--accessflow--test.acsb-test.com/assets/index-utLCIGcZ.js:8643
[    4085ms] [ERROR] Failed to load resource: the server responded with a status of 412 () @ https://sdk-refactor--accessflow--test.acsb-test.com/trpc/website.checkSuccessfulScanExist:0
[    4763ms] [ERROR] Failed to load resource: the server responded with a status of 412 () @ https://sdk-refactor--accessflow--test.acsb-test.com/trpc/scans.getLastScans?input=%7B%22limit%22%3A30%7D:0
[    4785ms] [WARNING] Missing translation key:embeddable_framework.messenger.sources_cited.title_and_button @ https://static.zdassets.com/web_widget/messenger/latest/web-widget-main-3f24de8.js:1
[    4786ms] [WARNING] Missing translation key:embeddable_framework.messenger.sources_cited.title_and_button @ https://static.zdassets.com/web_widget/messenger/latest/web-widget-main-3f24de8.js:1
[    4787ms] [WARNING] Missing translation key:embeddable_framework.messenger.sources_cited.title_and_button @ https://static.zdassets.com/web_widget/messenger/latest/web-widget-main-3f24de8.js:1
