[    2105ms] [WARNING] Missing translation key:embeddable_framework.messenger.sources_cited.title_and_button @ https://static.zdassets.com/web_widget/messenger/latest/web-widget-main-3f24de8.js:1
[    2629ms] [WARNING] Missing translation key:embeddable_framework.messenger.sources_cited.title_and_button @ https://static.zdassets.com/web_widget/messenger/latest/web-widget-main-3f24de8.js:1
[    2631ms] [WARNING] Missing translation key:embeddable_framework.messenger.sources_cited.title_and_button @ https://static.zdassets.com/web_widget/messenger/latest/web-widget-main-3f24de8.js:1
[    2633ms] [WARNING] Missing translation key:embeddable_framework.messenger.sources_cited.title_and_button @ https://static.zdassets.com/web_widget/messenger/latest/web-widget-main-3f24de8.js:1
[    2661ms] [WARNING] Missing translation key:embeddable_framework.messenger.sources_cited.title_and_button @ https://static.zdassets.com/web_widget/messenger/latest/web-widget-main-3f24de8.js:1
[    2662ms] [WARNING] Missing translation key:embeddable_framework.messenger.sources_cited.title_and_button @ https://static.zdassets.com/web_widget/messenger/latest/web-widget-main-3f24de8.js:1
[    2663ms] [WARNING] Missing translation key:embeddable_framework.messenger.sources_cited.title_and_button @ https://static.zdassets.com/web_widget/messenger/latest/web-widget-main-3f24de8.js:1
[    3128ms] [ERROR] Failed to load resource: the server responded with a status of 412 () @ https://mix-p-sdk--accessflow--test.acsb-test.com/trpc/website.checkSuccessfulScanExist:0
[    4419ms] [ERROR] Failed to load resource: the server responded with a status of 412 () @ https://mix-p-sdk--accessflow--test.acsb-test.com/trpc/website.checkSuccessfulScanExist:0
[    4461ms] [ERROR] Failed to load resource: the server responded with a status of 400 () @ https://mix-p-sdk--accessflow--test.acsb-test.com/trpc/users.zendesk:0
[    4462ms] [ERROR] Error: TRPCClientError: User not authenticated
    at TRPCClientError.from (https://mix-p-sdk--accessflow--test.acsb-test.com/assets/index-Bb0M-jLp.js:65:8000)
    at https://mix-p-sdk--accessflow--test.acsb-test.com/assets/index-Bb0M-jLp.js:65:11195 @ https://mix-p-sdk--accessflow--test.acsb-test.com/assets/index-Bb0M-jLp.js:8587
[    4462ms] [ERROR] Component Stack: Unhandled Rejection @ https://mix-p-sdk--accessflow--test.acsb-test.com/assets/index-Bb0M-jLp.js:8587
[    4463ms] TRPCClientError: User not authenticated
    at TRPCClientError.from (https://mix-p-sdk--accessflow--test.acsb-test.com/assets/index-Bb0M-jLp.js:65:8000)
    at https://mix-p-sdk--accessflow--test.acsb-test.com/assets/index-Bb0M-jLp.js:65:11195
[    4662ms] [ERROR] Failed to load resource: the server responded with a status of 412 () @ https://mix-p-sdk--accessflow--test.acsb-test.com/trpc/website.active?input=%7B%22domain%22%3Anull%7D:0
[    4663ms] [ERROR] Error: TRPCClientError: PRECONDITION_FAILED
    at TRPCClientError.from (https://mix-p-sdk--accessflow--test.acsb-test.com/assets/index-Bb0M-jLp.js:65:8000)
    at https://mix-p-sdk--accessflow--test.acsb-test.com/assets/index-Bb0M-jLp.js:65:11195 @ https://mix-p-sdk--accessflow--test.acsb-test.com/assets/index-Bb0M-jLp.js:8587
[    4663ms] [ERROR] Component Stack: Unhandled Rejection @ https://mix-p-sdk--accessflow--test.acsb-test.com/assets/index-Bb0M-jLp.js:8587
[    4664ms] TRPCClientError: PRECONDITION_FAILED
    at TRPCClientError.from (https://mix-p-sdk--accessflow--test.acsb-test.com/assets/index-Bb0M-jLp.js:65:8000)
    at https://mix-p-sdk--accessflow--test.acsb-test.com/assets/index-Bb0M-jLp.js:65:11195
[    4664ms] [ERROR] Failed to load resource: the server responded with a status of 412 () @ https://mix-p-sdk--accessflow--test.acsb-test.com/trpc/scans.getLastScans?input=%7B%22limit%22%3A30%7D:0
[    4720ms] [ERROR] Failed to load resource: the server responded with a status of 412 () @ https://mix-p-sdk--accessflow--test.acsb-test.com/trpc/users.me:0
[    4720ms] [ERROR] Error: TRPCClientError: PRECONDITION_FAILED
    at TRPCClientError.from (https://mix-p-sdk--accessflow--test.acsb-test.com/assets/index-Bb0M-jLp.js:65:8000)
    at https://mix-p-sdk--accessflow--test.acsb-test.com/assets/index-Bb0M-jLp.js:65:11195 @ https://mix-p-sdk--accessflow--test.acsb-test.com/assets/index-Bb0M-jLp.js:8587
[    4720ms] [ERROR] Component Stack: Unhandled Rejection @ https://mix-p-sdk--accessflow--test.acsb-test.com/assets/index-Bb0M-jLp.js:8587
[    4721ms] TRPCClientError: PRECONDITION_FAILED
    at TRPCClientError.from (https://mix-p-sdk--accessflow--test.acsb-test.com/assets/index-Bb0M-jLp.js:65:8000)
    at https://mix-p-sdk--accessflow--test.acsb-test.com/assets/index-Bb0M-jLp.js:65:11195
[    4767ms] [ERROR] Failed to load resource: the server responded with a status of 404 () @ https://mix-p-sdk--accessflow--test.acsb-test.com/trpc/website.mixpanelData:0
[    4768ms] [ERROR] TRPCClientError: Website not found
    at TRPCClientError.from (https://mix-p-sdk--accessflow--test.acsb-test.com/assets/index-Bb0M-jLp.js:65:8000)
    at https://mix-p-sdk--accessflow--test.acsb-test.com/assets/index-Bb0M-jLp.js:65:11195 @ https://mix-p-sdk--accessflow--test.acsb-test.com/assets/index-Bb0M-jLp.js:8587
[    5925ms] [ERROR] Failed to load resource: the server responded with a status of 412 () @ https://mix-p-sdk--accessflow--test.acsb-test.com/trpc/scans.getLastScans?input=%7B%22limit%22%3A30%7D:0
[    6675ms] [ERROR] Failed to load resource: the server responded with a status of 412 () @ https://mix-p-sdk--accessflow--test.acsb-test.com/trpc/website.checkSuccessfulScanExist:0
[    8178ms] [ERROR] Failed to load resource: the server responded with a status of 412 () @ https://mix-p-sdk--accessflow--test.acsb-test.com/trpc/scans.getLastScans?input=%7B%22limit%22%3A30%7D:0
[   10924ms] [ERROR] Failed to load resource: the server responded with a status of 412 () @ https://mix-p-sdk--accessflow--test.acsb-test.com/trpc/website.checkSuccessfulScanExist:0
[   12434ms] [ERROR] Failed to load resource: the server responded with a status of 412 () @ https://mix-p-sdk--accessflow--test.acsb-test.com/trpc/scans.getLastScans?input=%7B%22limit%22%3A30%7D:0
[   14666ms] [ERROR] Failed to load resource: the server responded with a status of 412 () @ https://mix-p-sdk--accessflow--test.acsb-test.com/trpc/liveUpdates.getLastUpates?input=%7B%22lastAssetsUpdate%22%3A%222026-02-16T09%3A01%3A29.092Z%22%2C%22lastScansUpdate%22%3A%222026-02-16T09%3A01%3A29.092Z%22%2C%22lastNotificationsUpdate%22%3A%222026-02-16T09%3A01%3A29.092Z%22%2C%22lastWebsiteUpdate%22%3A%222026-02-16T09%3A01%3A29.092Z%22%2C%22lastWebpagesUpdate%22%3A%222026-02-16T09%3A01%3A29.092Z%22%2C%22lastUserUpdate%22%3A%222026-02-16T09%3A01%3A29.092Z%22%2C%22lastFunnelsUpdate%22%3A%222026-02-16T09%3A01%3A29.092Z%22%2C%22affectedPages%22%3A%5B%5D%2C%22affectedIssues%22%3A%5B%5D%2C%22affectedScans%22%3A%5B%5D%2C%22affectedFunnels%22%3A%5B%5D%2C%22lastAnnouncementsUpdate%22%3A%222026-02-16T09%3A01%3A29.092Z%22%7D:0
[   21208ms] [WARNING] Missing translation key:embeddable_framework.messenger.sources_cited.title_and_button @ https://static.zdassets.com/web_widget/messenger/latest/web-widget-main-3f24de8.js:1
[   21340ms] [WARNING] Missing translation key:embeddable_framework.messenger.sources_cited.title_and_button @ https://static.zdassets.com/web_widget/messenger/latest/web-widget-main-3f24de8.js:1
[   21627ms] [WARNING] Missing translation key:embeddable_framework.messenger.sources_cited.title_and_button @ https://static.zdassets.com/web_widget/messenger/latest/web-widget-main-3f24de8.js:1
[   22032ms] [WARNING] Missing translation key:embeddable_framework.messenger.sources_cited.title_and_button @ https://static.zdassets.com/web_widget/messenger/latest/web-widget-main-3f24de8.js:1
[   22035ms] [WARNING] Missing translation key:embeddable_framework.messenger.sources_cited.title_and_button @ https://static.zdassets.com/web_widget/messenger/latest/web-widget-main-3f24de8.js:1
[   22036ms] [WARNING] Missing translation key:embeddable_framework.messenger.sources_cited.title_and_button @ https://static.zdassets.com/web_widget/messenger/latest/web-widget-main-3f24de8.js:1
[   22645ms] [WARNING] Missing translation key:embeddable_framework.messenger.sources_cited.title_and_button @ https://static.zdassets.com/web_widget/messenger/latest/web-widget-main-3f24de8.js:1
[   22668ms] [WARNING] Missing translation key:embeddable_framework.messenger.sources_cited.title_and_button @ https://static.zdassets.com/web_widget/messenger/latest/web-widget-main-3f24de8.js:1
[   22670ms] [WARNING] Missing translation key:embeddable_framework.messenger.sources_cited.title_and_button @ https://static.zdassets.com/web_widget/messenger/latest/web-widget-main-3f24de8.js:1
[   23819ms] [WARNING] Missing translation key:embeddable_framework.messenger.sources_cited.title_and_button @ https://static.zdassets.com/web_widget/messenger/latest/web-widget-main-3f24de8.js:1
[   23820ms] [WARNING] Missing translation key:embeddable_framework.messenger.sources_cited.title_and_button @ https://static.zdassets.com/web_widget/messenger/latest/web-widget-main-3f24de8.js:1
[   23830ms] [WARNING] Missing translation key:embeddable_framework.messenger.sources_cited.title_and_button @ https://static.zdassets.com/web_widget/messenger/latest/web-widget-main-3f24de8.js:1
[   23831ms] [WARNING] Missing translation key:embeddable_framework.messenger.sources_cited.title_and_button @ https://static.zdassets.com/web_widget/messenger/latest/web-widget-main-3f24de8.js:1
[   25036ms] [WARNING] Missing translation key:embeddable_framework.messenger.sources_cited.title_and_button @ https://static.zdassets.com/web_widget/messenger/latest/web-widget-main-3f24de8.js:1
[   25037ms] [WARNING] Missing translation key:embeddable_framework.messenger.sources_cited.title_and_button @ https://static.zdassets.com/web_widget/messenger/latest/web-widget-main-3f24de8.js:1
[   25045ms] [WARNING] Missing translation key:embeddable_framework.messenger.sources_cited.title_and_button @ https://static.zdassets.com/web_widget/messenger/latest/web-widget-main-3f24de8.js:1
[   25047ms] [WARNING] Missing translation key:embeddable_framework.messenger.sources_cited.title_and_button @ https://static.zdassets.com/web_widget/messenger/latest/web-widget-main-3f24de8.js:1
[   26258ms] [WARNING] Missing translation key:embeddable_framework.messenger.sources_cited.title_and_button @ https://static.zdassets.com/web_widget/messenger/latest/web-widget-main-3f24de8.js:1
[   26260ms] [WARNING] Missing translation key:embeddable_framework.messenger.sources_cited.title_and_button @ https://static.zdassets.com/web_widget/messenger/latest/web-widget-main-3f24de8.js:1
[   26273ms] [WARNING] Missing translation key:embeddable_framework.messenger.sources_cited.title_and_button @ https://static.zdassets.com/web_widget/messenger/latest/web-widget-main-3f24de8.js:1
[   26275ms] [WARNING] Missing translation key:embeddable_framework.messenger.sources_cited.title_and_button @ https://static.zdassets.com/web_widget/messenger/latest/web-widget-main-3f24de8.js:1
[   43504ms] [ERROR] Failed to load resource: the server responded with a status of 412 () @ https://mix-p-sdk--accessflow--test.acsb-test.com/trpc/scans.getLastScans?input=%7B%22limit%22%3A30%7D:0
[   44773ms] [ERROR] Failed to load resource: the server responded with a status of 412 () @ https://mix-p-sdk--accessflow--test.acsb-test.com/trpc/scans.getLastScans?input=%7B%22limit%22%3A30%7D:0
[   47047ms] [ERROR] Failed to load resource: the server responded with a status of 412 () @ https://mix-p-sdk--accessflow--test.acsb-test.com/trpc/scans.getLastScans?input=%7B%22limit%22%3A30%7D:0
[   51297ms] [ERROR] Failed to load resource: the server responded with a status of 412 () @ https://mix-p-sdk--accessflow--test.acsb-test.com/trpc/scans.getLastScans?input=%7B%22limit%22%3A30%7D:0
[   71485ms] [WARNING] Missing translation key:embeddable_framework.messenger.sources_cited.title_and_button @ https://static.zdassets.com/web_widget/messenger/latest/web-widget-main-3f24de8.js:1
[   71492ms] [WARNING] Missing translation key:embeddable_framework.messenger.sources_cited.title_and_button @ https://static.zdassets.com/web_widget/messenger/latest/web-widget-main-3f24de8.js:1
[   71746ms] [WARNING] Missing translation key:embeddable_framework.messenger.sources_cited.title_and_button @ https://static.zdassets.com/web_widget/messenger/latest/web-widget-main-3f24de8.js:1
[   72738ms] [ERROR] Failed to load resource: the server responded with a status of 412 () @ https://mix-p-sdk--accessflow--test.acsb-test.com/trpc/website.checkSuccessfulScanExist:0
[   72911ms] [ERROR] Failed to load resource: the server responded with a status of 400 () @ https://mix-p-sdk--accessflow--test.acsb-test.com/trpc/users.zendesk:0
[   72911ms] [ERROR] Error: TRPCClientError: User not authenticated
    at TRPCClientError.from (https://mix-p-sdk--accessflow--test.acsb-test.com/assets/index-Bb0M-jLp.js:65:8000)
    at https://mix-p-sdk--accessflow--test.acsb-test.com/assets/index-Bb0M-jLp.js:65:11195 @ https://mix-p-sdk--accessflow--test.acsb-test.com/assets/index-Bb0M-jLp.js:8587
[   72911ms] [ERROR] Component Stack: Unhandled Rejection @ https://mix-p-sdk--accessflow--test.acsb-test.com/assets/index-Bb0M-jLp.js:8587
[   72912ms] TRPCClientError: User not authenticated
    at TRPCClientError.from (https://mix-p-sdk--accessflow--test.acsb-test.com/assets/index-Bb0M-jLp.js:65:8000)
    at https://mix-p-sdk--accessflow--test.acsb-test.com/assets/index-Bb0M-jLp.js:65:11195
[   77054ms] [ERROR] Failed to load resource: net::ERR_FAILED @ https://jnn-pa.googleapis.com/$rpc/google.internal.waa.v1.Waa/GenerateIT:0
