[    1147ms] [WARNING] Missing translation key:embeddable_framework.messenger.sources_cited.title_and_button @ https://static.zdassets.com/web_widget/messenger/latest/web-widget-main-3f24de8.js:1
[    1772ms] [WARNING] Missing translation key:embeddable_framework.messenger.sources_cited.title_and_button @ https://static.zdassets.com/web_widget/messenger/latest/web-widget-main-3f24de8.js:1
[    1776ms] [WARNING] Missing translation key:embeddable_framework.messenger.sources_cited.title_and_button @ https://static.zdassets.com/web_widget/messenger/latest/web-widget-main-3f24de8.js:1
[    1778ms] [WARNING] Missing translation key:embeddable_framework.messenger.sources_cited.title_and_button @ https://static.zdassets.com/web_widget/messenger/latest/web-widget-main-3f24de8.js:1
[    1799ms] [WARNING] Missing translation key:embeddable_framework.messenger.sources_cited.title_and_button @ https://static.zdassets.com/web_widget/messenger/latest/web-widget-main-3f24de8.js:1
[    1800ms] [WARNING] Missing translation key:embeddable_framework.messenger.sources_cited.title_and_button @ https://static.zdassets.com/web_widget/messenger/latest/web-widget-main-3f24de8.js:1
[    1801ms] [WARNING] Missing translation key:embeddable_framework.messenger.sources_cited.title_and_button @ https://static.zdassets.com/web_widget/messenger/latest/web-widget-main-3f24de8.js:1
[    3581ms] [ERROR] Failed to load resource: the server responded with a status of 412 () @ https://sdk-refactor--accessflow--test.acsb-test.com/trpc/website.checkSuccessfulScanExist:0
[    4164ms] [ERROR] Failed to load resource: the server responded with a status of 400 () @ https://sdk-refactor--accessflow--test.acsb-test.com/trpc/users.zendesk:0
[    4164ms] [ERROR] Error: TRPCClientError: User not authenticated
    at TRPCClientError.from (https://sdk-refactor--accessflow--test.acsb-test.com/assets/index-utLCIGcZ.js:65:8000)
    at https://sdk-refactor--accessflow--test.acsb-test.com/assets/index-utLCIGcZ.js:65:11195 @ https://sdk-refactor--accessflow--test.acsb-test.com/assets/index-utLCIGcZ.js:8643
[    4165ms] [ERROR] Component Stack: Unhandled Rejection @ https://sdk-refactor--accessflow--test.acsb-test.com/assets/index-utLCIGcZ.js:8643
[    4166ms] TRPCClientError: User not authenticated
    at TRPCClientError.from (https://sdk-refactor--accessflow--test.acsb-test.com/assets/index-utLCIGcZ.js:65:8000)
    at https://sdk-refactor--accessflow--test.acsb-test.com/assets/index-utLCIGcZ.js:65:11195
[    4366ms] [ERROR] Failed to load resource: the server responded with a status of 412 () @ https://sdk-refactor--accessflow--test.acsb-test.com/trpc/users.me:0
[    4367ms] [ERROR] Error: TRPCClientError: PRECONDITION_FAILED
    at TRPCClientError.from (https://sdk-refactor--accessflow--test.acsb-test.com/assets/index-utLCIGcZ.js:65:8000)
    at https://sdk-refactor--accessflow--test.acsb-test.com/assets/index-utLCIGcZ.js:65:11195 @ https://sdk-refactor--accessflow--test.acsb-test.com/assets/index-utLCIGcZ.js:8643
[    4367ms] [ERROR] Component Stack: Unhandled Rejection @ https://sdk-refactor--accessflow--test.acsb-test.com/assets/index-utLCIGcZ.js:8643
[    4368ms] TRPCClientError: PRECONDITION_FAILED
    at TRPCClientError.from (https://sdk-refactor--accessflow--test.acsb-test.com/assets/index-utLCIGcZ.js:65:8000)
    at https://sdk-refactor--accessflow--test.acsb-test.com/assets/index-utLCIGcZ.js:65:11195
[    4403ms] [ERROR] Failed to load resource: the server responded with a status of 412 () @ https://sdk-refactor--accessflow--test.acsb-test.com/trpc/website.active?input=%7B%22domain%22%3Anull%7D:0
[    4403ms] [ERROR] Error: TRPCClientError: PRECONDITION_FAILED
    at TRPCClientError.from (https://sdk-refactor--accessflow--test.acsb-test.com/assets/index-utLCIGcZ.js:65:8000)
    at https://sdk-refactor--accessflow--test.acsb-test.com/assets/index-utLCIGcZ.js:65:11195 @ https://sdk-refactor--accessflow--test.acsb-test.com/assets/index-utLCIGcZ.js:8643
[    4403ms] [ERROR] Component Stack: Unhandled Rejection @ https://sdk-refactor--accessflow--test.acsb-test.com/assets/index-utLCIGcZ.js:8643
[    4404ms] TRPCClientError: PRECONDITION_FAILED
    at TRPCClientError.from (https://sdk-refactor--accessflow--test.acsb-test.com/assets/index-utLCIGcZ.js:65:8000)
    at https://sdk-refactor--accessflow--test.acsb-test.com/assets/index-utLCIGcZ.js:65:11195
[    4417ms] [ERROR] Failed to load resource: the server responded with a status of 412 () @ https://sdk-refactor--accessflow--test.acsb-test.com/trpc/scans.getLastScans?input=%7B%22limit%22%3A30%7D:0
[    4496ms] [ERROR] Failed to load resource: the server responded with a status of 404 () @ https://sdk-refactor--accessflow--test.acsb-test.com/trpc/website.mixpanelData:0
[    4497ms] [ERROR] TRPCClientError: Website not found
    at TRPCClientError.from (https://sdk-refactor--accessflow--test.acsb-test.com/assets/index-utLCIGcZ.js:65:8000)
    at https://sdk-refactor--accessflow--test.acsb-test.com/assets/index-utLCIGcZ.js:65:11195 @ https://sdk-refactor--accessflow--test.acsb-test.com/assets/index-utLCIGcZ.js:8643
