[    2041ms] [ERROR] Error: Minified React error #321; visit https://reactjs.org/docs/error-decoder.html?invariant=321 for the full message or use the non-minified dev environment for full errors and additional helpful warnings.
    at Object.P$8 (https://sdk-refactor--accessflow--test.acsb-test.com/assets/index-ea-iD0RA.js:46:18680)
    at react_production_min.useContext (https://sdk-refactor--accessflow--test.acsb-test.com/assets/index-ea-iD0RA.js:10:6599)
    at Ge$2 (https://sdk-refactor--accessflow--test.acsb-test.com/assets/index-ea-iD0RA.js:94:12216)
    at jn (https://sdk-refactor--accessflow--test.acsb-test.com/assets/index-ea-iD0RA.js:94:20975)
    at Nh (https://sdk-refactor--accessflow--test.acsb-test.com/assets/index-ea-iD0RA.js:46:18979)
    at cj (https://sdk-refactor--accessflow--test.acsb-test.com/assets/index-ea-iD0RA.js:48:3525)
    at bj (https://sdk-refactor--accessflow--test.acsb-test.com/assets/index-ea-iD0RA.js:48:2656)
    at $i (https://sdk-refactor--accessflow--test.acsb-test.com/assets/index-ea-iD0RA.js:48:2121)
    at Vk (https://sdk-refactor--accessflow--test.acsb-test.com/assets/index-ea-iD0RA.js:48:49490)
    at Uk (https://sdk-refactor--accessflow--test.acsb-test.com/assets/index-ea-iD0RA.js:48:44001) @ https://sdk-refactor--accessflow--test.acsb-test.com/assets/index-ea-iD0RA.js:47
[    2041ms] [ERROR] Error: Error: Minified React error #321; visit https://reactjs.org/docs/error-decoder.html?invariant=321 for the full message or use the non-minified dev environment for full errors and additional helpful warnings.
    at Object.P$8 (https://sdk-refactor--accessflow--test.acsb-test.com/assets/index-ea-iD0RA.js:46:18680)
    at react_production_min.useContext (https://sdk-refactor--accessflow--test.acsb-test.com/assets/index-ea-iD0RA.js:10:6599)
    at Ge$2 (https://sdk-refactor--accessflow--test.acsb-test.com/assets/index-ea-iD0RA.js:94:12216)
    at jn (https://sdk-refactor--accessflow--test.acsb-test.com/assets/index-ea-iD0RA.js:94:20975)
    at Nh (https://sdk-refactor--accessflow--test.acsb-test.com/assets/index-ea-iD0RA.js:46:18979)
    at cj (https://sdk-refactor--accessflow--test.acsb-test.com/assets/index-ea-iD0RA.js:48:3525)
    at bj (https://sdk-refactor--accessflow--test.acsb-test.com/assets/index-ea-iD0RA.js:48:2656)
    at $i (https://sdk-refactor--accessflow--test.acsb-test.com/assets/index-ea-iD0RA.js:48:2121)
    at Vk (https://sdk-refactor--accessflow--test.acsb-test.com/assets/index-ea-iD0RA.js:48:49490)
    at Uk (https://sdk-refactor--accessflow--test.acsb-test.com/assets/index-ea-iD0RA.js:48:44001) @ https://sdk-refactor--accessflow--test.acsb-test.com/assets/index-ea-iD0RA.js:8587
[    2041ms] [ERROR] Component Stack: 
    at jn (https://sdk-refactor--accessflow--test.acsb-test.com/assets/index-ea-iD0RA.js:94:20975)
    at Suspense
    at Vo$1 (https://sdk-refactor--accessflow--test.acsb-test.com/assets/index-ea-iD0RA.js:155:4930)
    at MotionConfig (https://sdk-refactor--accessflow--test.acsb-test.com/assets/index-ea-iD0RA.js:102:3114)
    at ot$1 (https://sdk-refactor--accessflow--test.acsb-test.com/assets/index-ea-iD0RA.js:94:16177)
    at Ye$3 (https://sdk-refactor--accessflow--test.acsb-test.com/assets/index-ea-iD0RA.js:94:12283)
    at Hl (https://sdk-refactor--accessflow--test.acsb-test.com/assets/index-ea-iD0RA.js:244:104)
    at Ye$3 (https://sdk-refactor--accessflow--test.acsb-test.com/assets/index-ea-iD0RA.js:94:12283)
    at Theme (https://sdk-refactor--accessflow--test.acsb-test.com/assets/index-ea-iD0RA.js:8553:82999)
    at MixpanelProvider (https://sdk-refactor--accessflow--test.acsb-test.com/assets/index-ea-iD0RA.js:8158:73610)
    at I18nextProvider (https://sdk-refactor--accessflow--test.acsb-test.com/assets/index-ea-iD0RA.js:65:3341)
    at AppStoresProvider (https://sdk-refactor--accessflow--test.acsb-test.com/assets/index-ea-iD0RA.js:64:3348)
    at QueryClientProvider (https://sdk-refactor--accessflow--test.acsb-test.com/assets/index-ea-iD0RA.js:64:48313)
    at EnvironmentArgsProvider (https://sdk-refactor--accessflow--test.acsb-test.com/assets/index-ea-iD0RA.js:25:8610)
    at In (https://sdk-refactor--accessflow--test.acsb-test.com/assets/index-ea-iD0RA.js:65:16240)
    at StaticProviders (https://sdk-refactor--accessflow--test.acsb-test.com/assets/index-ea-iD0RA.js:8553:83720)
    at ErrorBoundary$1 (https://sdk-refactor--accessflow--test.acsb-test.com/assets/index-ea-iD0RA.js:18:999)
    at ErrorBoundaryProvider (https://sdk-refactor--accessflow--test.acsb-test.com/assets/index-ea-iD0RA.js:18:2559)
    at App (https://sdk-refactor--accessflow--test.acsb-test.com/assets/index-ea-iD0RA.js:8588:11165) @ https://sdk-refactor--accessflow--test.acsb-test.com/assets/index-ea-iD0RA.js:8587
[    2312ms] [ERROR] {error: TRPCClientError: Failed to execute 'fetch' on 'Window': Request cannot be constructed from a URL th…} @ https://sdk-refactor--accessflow--test.acsb-test.com/assets/index-ea-iD0RA.js:8587
[    2314ms] [ERROR] {error: TRPCClientError: Failed to execute 'fetch' on 'Window': Request cannot be constructed from a URL th…} @ https://sdk-refactor--accessflow--test.acsb-test.com/assets/index-ea-iD0RA.js:8587
[    2315ms] [ERROR] Error: TRPCClientError: Failed to execute 'fetch' on 'Window': Request cannot be constructed from a URL that includes credentials: /trpc/users.zendesk
    at TRPCClientError.from (https://sdk-refactor--accessflow--test.acsb-test.com/assets/index-ea-iD0RA.js:65:8076)
    at https://sdk-refactor--accessflow--test.acsb-test.com/assets/index-ea-iD0RA.js:65:10697 @ https://sdk-refactor--accessflow--test.acsb-test.com/assets/index-ea-iD0RA.js:8587
[    2315ms] [ERROR] Component Stack: Unhandled Rejection @ https://sdk-refactor--accessflow--test.acsb-test.com/assets/index-ea-iD0RA.js:8587
[    2315ms] [ERROR] Error: TRPCClientError: Failed to execute 'fetch' on 'Window': Request cannot be constructed from a URL that includes credentials: /trpc/users.zendesk
    at TRPCClientError.from (https://sdk-refactor--accessflow--test.acsb-test.com/assets/index-ea-iD0RA.js:65:8076)
    at https://sdk-refactor--accessflow--test.acsb-test.com/assets/index-ea-iD0RA.js:65:10697 @ https://sdk-refactor--accessflow--test.acsb-test.com/assets/index-ea-iD0RA.js:8587
[    2315ms] [ERROR] Component Stack: Unhandled Rejection @ https://sdk-refactor--accessflow--test.acsb-test.com/assets/index-ea-iD0RA.js:8587
[    2376ms] TRPCClientError: Failed to execute 'fetch' on 'Window': Request cannot be constructed from a URL that includes credentials: /trpc/users.zendesk
    at TRPCClientError.from (https://sdk-refactor--accessflow--test.acsb-test.com/assets/index-ea-iD0RA.js:65:8076)
    at https://sdk-refactor--accessflow--test.acsb-test.com/assets/index-ea-iD0RA.js:65:10697
[    2315ms] [ERROR] Error: TRPCClientError: Failed to execute 'fetch' on 'Window': Request cannot be constructed from a URL that includes credentials: /trpc/pageScanResult.lastAuditUpdates
    at TRPCClientError.from (https://sdk-refactor--accessflow--test.acsb-test.com/assets/index-ea-iD0RA.js:65:8076)
    at https://sdk-refactor--accessflow--test.acsb-test.com/assets/index-ea-iD0RA.js:65:10697 @ https://sdk-refactor--accessflow--test.acsb-test.com/assets/index-ea-iD0RA.js:8587
[    2315ms] [ERROR] Component Stack: Unhandled Rejection @ https://sdk-refactor--accessflow--test.acsb-test.com/assets/index-ea-iD0RA.js:8587
[    2315ms] [ERROR] Error: TRPCClientError: Failed to execute 'fetch' on 'Window': Request cannot be constructed from a URL that includes credentials: /trpc/pageScanResult.lastAuditUpdates
    at TRPCClientError.from (https://sdk-refactor--accessflow--test.acsb-test.com/assets/index-ea-iD0RA.js:65:8076)
    at https://sdk-refactor--accessflow--test.acsb-test.com/assets/index-ea-iD0RA.js:65:10697 @ https://sdk-refactor--accessflow--test.acsb-test.com/assets/index-ea-iD0RA.js:8587
[    2315ms] [ERROR] Component Stack: Unhandled Rejection @ https://sdk-refactor--accessflow--test.acsb-test.com/assets/index-ea-iD0RA.js:8587
[    2377ms] TRPCClientError: Failed to execute 'fetch' on 'Window': Request cannot be constructed from a URL that includes credentials: /trpc/pageScanResult.lastAuditUpdates
    at TRPCClientError.from (https://sdk-refactor--accessflow--test.acsb-test.com/assets/index-ea-iD0RA.js:65:8076)
    at https://sdk-refactor--accessflow--test.acsb-test.com/assets/index-ea-iD0RA.js:65:10697
[    2315ms] [ERROR] Error: TRPCClientError: Failed to execute 'fetch' on 'Window': Request cannot be constructed from a URL that includes credentials: /trpc/website.getSiteHistoricalScore
    at TRPCClientError.from (https://sdk-refactor--accessflow--test.acsb-test.com/assets/index-ea-iD0RA.js:65:8076)
    at https://sdk-refactor--accessflow--test.acsb-test.com/assets/index-ea-iD0RA.js:65:10697 @ https://sdk-refactor--accessflow--test.acsb-test.com/assets/index-ea-iD0RA.js:8587
[    2315ms] [ERROR] Component Stack: Unhandled Rejection @ https://sdk-refactor--accessflow--test.acsb-test.com/assets/index-ea-iD0RA.js:8587
[    2315ms] [ERROR] Error: TRPCClientError: Failed to execute 'fetch' on 'Window': Request cannot be constructed from a URL that includes credentials: /trpc/website.getSiteHistoricalScore
    at TRPCClientError.from (https://sdk-refactor--accessflow--test.acsb-test.com/assets/index-ea-iD0RA.js:65:8076)
    at https://sdk-refactor--accessflow--test.acsb-test.com/assets/index-ea-iD0RA.js:65:10697 @ https://sdk-refactor--accessflow--test.acsb-test.com/assets/index-ea-iD0RA.js:8587
[    2316ms] [ERROR] Component Stack: Unhandled Rejection @ https://sdk-refactor--accessflow--test.acsb-test.com/assets/index-ea-iD0RA.js:8587
[    2380ms] TRPCClientError: Failed to execute 'fetch' on 'Window': Request cannot be constructed from a URL that includes credentials: /trpc/website.getSiteHistoricalScore
    at TRPCClientError.from (https://sdk-refactor--accessflow--test.acsb-test.com/assets/index-ea-iD0RA.js:65:8076)
    at https://sdk-refactor--accessflow--test.acsb-test.com/assets/index-ea-iD0RA.js:65:10697
[    2316ms] [ERROR] Error: TRPCClientError: Failed to execute 'fetch' on 'Window': Request cannot be constructed from a URL that includes credentials: /trpc/webpages.getWebpagesHistoryOverTime
    at TRPCClientError.from (https://sdk-refactor--accessflow--test.acsb-test.com/assets/index-ea-iD0RA.js:65:8076)
    at https://sdk-refactor--accessflow--test.acsb-test.com/assets/index-ea-iD0RA.js:65:10697 @ https://sdk-refactor--accessflow--test.acsb-test.com/assets/index-ea-iD0RA.js:8587
[    2316ms] [ERROR] Component Stack: Unhandled Rejection @ https://sdk-refactor--accessflow--test.acsb-test.com/assets/index-ea-iD0RA.js:8587
[    2316ms] [ERROR] Error: TRPCClientError: Failed to execute 'fetch' on 'Window': Request cannot be constructed from a URL that includes credentials: /trpc/webpages.getWebpagesHistoryOverTime
    at TRPCClientError.from (https://sdk-refactor--accessflow--test.acsb-test.com/assets/index-ea-iD0RA.js:65:8076)
    at https://sdk-refactor--accessflow--test.acsb-test.com/assets/index-ea-iD0RA.js:65:10697 @ https://sdk-refactor--accessflow--test.acsb-test.com/assets/index-ea-iD0RA.js:8587
[    2316ms] [ERROR] Component Stack: Unhandled Rejection @ https://sdk-refactor--accessflow--test.acsb-test.com/assets/index-ea-iD0RA.js:8587
[    2381ms] TRPCClientError: Failed to execute 'fetch' on 'Window': Request cannot be constructed from a URL that includes credentials: /trpc/webpages.getWebpagesHistoryOverTime
    at TRPCClientError.from (https://sdk-refactor--accessflow--test.acsb-test.com/assets/index-ea-iD0RA.js:65:8076)
    at https://sdk-refactor--accessflow--test.acsb-test.com/assets/index-ea-iD0RA.js:65:10697
[    2316ms] [ERROR] Error: TRPCClientError: Failed to execute 'fetch' on 'Window': Request cannot be constructed from a URL that includes credentials: /trpc/website.getIssuesSeverityOverTime
    at TRPCClientError.from (https://sdk-refactor--accessflow--test.acsb-test.com/assets/index-ea-iD0RA.js:65:8076)
    at https://sdk-refactor--accessflow--test.acsb-test.com/assets/index-ea-iD0RA.js:65:10697 @ https://sdk-refactor--accessflow--test.acsb-test.com/assets/index-ea-iD0RA.js:8587
[    2316ms] [ERROR] Component Stack: Unhandled Rejection @ https://sdk-refactor--accessflow--test.acsb-test.com/assets/index-ea-iD0RA.js:8587
[    2316ms] [ERROR] Error: TRPCClientError: Failed to execute 'fetch' on 'Window': Request cannot be constructed from a URL that includes credentials: /trpc/website.getIssuesSeverityOverTime
    at TRPCClientError.from (https://sdk-refactor--accessflow--test.acsb-test.com/assets/index-ea-iD0RA.js:65:8076)
    at https://sdk-refactor--accessflow--test.acsb-test.com/assets/index-ea-iD0RA.js:65:10697 @ https://sdk-refactor--accessflow--test.acsb-test.com/assets/index-ea-iD0RA.js:8587
[    2316ms] [ERROR] Component Stack: Unhandled Rejection @ https://sdk-refactor--accessflow--test.acsb-test.com/assets/index-ea-iD0RA.js:8587
[    2382ms] TRPCClientError: Failed to execute 'fetch' on 'Window': Request cannot be constructed from a URL that includes credentials: /trpc/website.getIssuesSeverityOverTime
    at TRPCClientError.from (https://sdk-refactor--accessflow--test.acsb-test.com/assets/index-ea-iD0RA.js:65:8076)
    at https://sdk-refactor--accessflow--test.acsb-test.com/assets/index-ea-iD0RA.js:65:10697
[    2697ms] [ERROR] {error: TRPCClientError: Failed to execute 'fetch' on 'Window': Request cannot be constructed from a URL th…} @ https://sdk-refactor--accessflow--test.acsb-test.com/assets/index-ea-iD0RA.js:8587
[   59749ms] [ERROR] Failed to load resource: net::ERR_NETWORK_CHANGED @ https://clientstream.launchdarkly.com/eval/697726dddadd7b09eaf464bb/eyJhbm9ueW1vdXMiOnRydWUsImtpbmQiOiJ1c2VyIiwia2V5IjoiODRhZGI3OTAtMDc2My0xMWYxLWE1NWMtZTk4ZTY0MjNiOTU3In0:0
