[    1270ms] [WARNING] Missing translation key:embeddable_framework.messenger.sources_cited.title_and_button @ https://static.zdassets.com/web_widget/messenger/latest/web-widget-main-3f24de8.js:1
[    1755ms] [WARNING] Missing translation key:embeddable_framework.messenger.sources_cited.title_and_button @ https://static.zdassets.com/web_widget/messenger/latest/web-widget-main-3f24de8.js:1
[    1758ms] [WARNING] Missing translation key:embeddable_framework.messenger.sources_cited.title_and_button @ https://static.zdassets.com/web_widget/messenger/latest/web-widget-main-3f24de8.js:1
[    1761ms] [WARNING] Missing translation key:embeddable_framework.messenger.sources_cited.title_and_button @ https://static.zdassets.com/web_widget/messenger/latest/web-widget-main-3f24de8.js:1
[    1779ms] [WARNING] Missing translation key:embeddable_framework.messenger.sources_cited.title_and_button @ https://static.zdassets.com/web_widget/messenger/latest/web-widget-main-3f24de8.js:1
[    1780ms] [WARNING] Missing translation key:embeddable_framework.messenger.sources_cited.title_and_button @ https://static.zdassets.com/web_widget/messenger/latest/web-widget-main-3f24de8.js:1
[    1781ms] [WARNING] Missing translation key:embeddable_framework.messenger.sources_cited.title_and_button @ https://static.zdassets.com/web_widget/messenger/latest/web-widget-main-3f24de8.js:1
[    2897ms] [ERROR] Failed to load resource: the server responded with a status of 412 () @ https://mix-p-sdk--accessflow--test.acsb-test.com/trpc/website.checkSuccessfulScanExist:0
[    3269ms] [ERROR] Failed to load resource: the server responded with a status of 400 () @ https://mix-p-sdk--accessflow--test.acsb-test.com/trpc/users.zendesk:0
[    3270ms] [ERROR] Error: TRPCClientError: User not authenticated
    at TRPCClientError.from (https://mix-p-sdk--accessflow--test.acsb-test.com/assets/index-Bb0M-jLp.js:65:8000)
    at https://mix-p-sdk--accessflow--test.acsb-test.com/assets/index-Bb0M-jLp.js:65:11195 @ https://mix-p-sdk--accessflow--test.acsb-test.com/assets/index-Bb0M-jLp.js:8587
[    3270ms] [ERROR] Component Stack: Unhandled Rejection @ https://mix-p-sdk--accessflow--test.acsb-test.com/assets/index-Bb0M-jLp.js:8587
[    3272ms] TRPCClientError: User not authenticated
    at TRPCClientError.from (https://mix-p-sdk--accessflow--test.acsb-test.com/assets/index-Bb0M-jLp.js:65:8000)
    at https://mix-p-sdk--accessflow--test.acsb-test.com/assets/index-Bb0M-jLp.js:65:11195
[    3475ms] [ERROR] Failed to load resource: the server responded with a status of 412 () @ https://mix-p-sdk--accessflow--test.acsb-test.com/trpc/users.me:0
[    3475ms] [ERROR] Error: TRPCClientError: PRECONDITION_FAILED
    at TRPCClientError.from (https://mix-p-sdk--accessflow--test.acsb-test.com/assets/index-Bb0M-jLp.js:65:8000)
    at https://mix-p-sdk--accessflow--test.acsb-test.com/assets/index-Bb0M-jLp.js:65:11195 @ https://mix-p-sdk--accessflow--test.acsb-test.com/assets/index-Bb0M-jLp.js:8587
[    3475ms] [ERROR] Component Stack: Unhandled Rejection @ https://mix-p-sdk--accessflow--test.acsb-test.com/assets/index-Bb0M-jLp.js:8587
[    3476ms] TRPCClientError: PRECONDITION_FAILED
    at TRPCClientError.from (https://mix-p-sdk--accessflow--test.acsb-test.com/assets/index-Bb0M-jLp.js:65:8000)
    at https://mix-p-sdk--accessflow--test.acsb-test.com/assets/index-Bb0M-jLp.js:65:11195
[    3521ms] [ERROR] Failed to load resource: the server responded with a status of 412 () @ https://mix-p-sdk--accessflow--test.acsb-test.com/trpc/website.active?input=%7B%22domain%22%3Anull%7D:0
[    3522ms] [ERROR] Error: TRPCClientError: PRECONDITION_FAILED
    at TRPCClientError.from (https://mix-p-sdk--accessflow--test.acsb-test.com/assets/index-Bb0M-jLp.js:65:8000)
    at https://mix-p-sdk--accessflow--test.acsb-test.com/assets/index-Bb0M-jLp.js:65:11195 @ https://mix-p-sdk--accessflow--test.acsb-test.com/assets/index-Bb0M-jLp.js:8587
[    3522ms] [ERROR] Component Stack: Unhandled Rejection @ https://mix-p-sdk--accessflow--test.acsb-test.com/assets/index-Bb0M-jLp.js:8587
[    3522ms] TRPCClientError: PRECONDITION_FAILED
    at TRPCClientError.from (https://mix-p-sdk--accessflow--test.acsb-test.com/assets/index-Bb0M-jLp.js:65:8000)
    at https://mix-p-sdk--accessflow--test.acsb-test.com/assets/index-Bb0M-jLp.js:65:11195
[    3556ms] [ERROR] Failed to load resource: the server responded with a status of 412 () @ https://mix-p-sdk--accessflow--test.acsb-test.com/trpc/scans.getLastScans?input=%7B%22limit%22%3A30%7D:0
[    3578ms] [ERROR] Failed to load resource: the server responded with a status of 404 () @ https://mix-p-sdk--accessflow--test.acsb-test.com/trpc/website.mixpanelData:0
[    3579ms] [ERROR] TRPCClientError: Website not found
    at TRPCClientError.from (https://mix-p-sdk--accessflow--test.acsb-test.com/assets/index-Bb0M-jLp.js:65:8000)
    at https://mix-p-sdk--accessflow--test.acsb-test.com/assets/index-Bb0M-jLp.js:65:11195 @ https://mix-p-sdk--accessflow--test.acsb-test.com/assets/index-Bb0M-jLp.js:8587
[    4154ms] [ERROR] Failed to load resource: the server responded with a status of 412 () @ https://mix-p-sdk--accessflow--test.acsb-test.com/trpc/website.checkSuccessfulScanExist:0
[    4815ms] [ERROR] Failed to load resource: the server responded with a status of 412 () @ https://mix-p-sdk--accessflow--test.acsb-test.com/trpc/scans.getLastScans?input=%7B%22limit%22%3A30%7D:0
[    6409ms] [ERROR] Failed to load resource: the server responded with a status of 412 () @ https://mix-p-sdk--accessflow--test.acsb-test.com/trpc/website.checkSuccessfulScanExist:0
[    7077ms] [ERROR] Failed to load resource: the server responded with a status of 412 () @ https://mix-p-sdk--accessflow--test.acsb-test.com/trpc/scans.getLastScans?input=%7B%22limit%22%3A30%7D:0
[   10665ms] [ERROR] Failed to load resource: the server responded with a status of 412 () @ https://mix-p-sdk--accessflow--test.acsb-test.com/trpc/website.checkSuccessfulScanExist:0
[   11326ms] [ERROR] Failed to load resource: the server responded with a status of 412 () @ https://mix-p-sdk--accessflow--test.acsb-test.com/trpc/scans.getLastScans?input=%7B%22limit%22%3A30%7D:0
[   13482ms] [ERROR] Failed to load resource: the server responded with a status of 412 () @ https://mix-p-sdk--accessflow--test.acsb-test.com/trpc/liveUpdates.getLastUpates?input=%7B%22lastAssetsUpdate%22%3A%222026-02-16T09%3A11%3A53.148Z%22%2C%22lastScansUpdate%22%3A%222026-02-16T09%3A11%3A53.148Z%22%2C%22lastNotificationsUpdate%22%3A%222026-02-16T09%3A11%3A53.148Z%22%2C%22lastWebsiteUpdate%22%3A%222026-02-16T09%3A11%3A53.148Z%22%2C%22lastWebpagesUpdate%22%3A%222026-02-16T09%3A11%3A53.148Z%22%2C%22lastUserUpdate%22%3A%222026-02-16T09%3A11%3A53.148Z%22%2C%22lastFunnelsUpdate%22%3A%222026-02-16T09%3A11%3A53.148Z%22%2C%22affectedPages%22%3A%5B%5D%2C%22affectedIssues%22%3A%5B%5D%2C%22affectedScans%22%3A%5B%5D%2C%22affectedFunnels%22%3A%5B%5D%2C%22lastAnnouncementsUpdate%22%3A%222026-02-16T09%3A11%3A53.148Z%22%7D:0
[   36401ms] [WARNING] Missing translation key:embeddable_framework.messenger.sources_cited.title_and_button @ https://static.zdassets.com/web_widget/messenger/latest/web-widget-main-3f24de8.js:1
[   36827ms] [WARNING] Missing translation key:embeddable_framework.messenger.sources_cited.title_and_button @ https://static.zdassets.com/web_widget/messenger/latest/web-widget-main-3f24de8.js:1
[   36829ms] [WARNING] Missing translation key:embeddable_framework.messenger.sources_cited.title_and_button @ https://static.zdassets.com/web_widget/messenger/latest/web-widget-main-3f24de8.js:1
[   36831ms] [WARNING] Missing translation key:embeddable_framework.messenger.sources_cited.title_and_button @ https://static.zdassets.com/web_widget/messenger/latest/web-widget-main-3f24de8.js:1
[   36836ms] [WARNING] Missing translation key:embeddable_framework.messenger.sources_cited.title_and_button @ https://static.zdassets.com/web_widget/messenger/latest/web-widget-main-3f24de8.js:1
[   36837ms] [WARNING] Missing translation key:embeddable_framework.messenger.sources_cited.title_and_button @ https://static.zdassets.com/web_widget/messenger/latest/web-widget-main-3f24de8.js:1
[   36838ms] [WARNING] Missing translation key:embeddable_framework.messenger.sources_cited.title_and_button @ https://static.zdassets.com/web_widget/messenger/latest/web-widget-main-3f24de8.js:1
[   38927ms] [ERROR] Failed to load resource: the server responded with a status of 412 () @ https://mix-p-sdk--accessflow--test.acsb-test.com/trpc/website.checkSuccessfulScanExist:0
[   39091ms] [ERROR] Failed to load resource: the server responded with a status of 400 () @ https://mix-p-sdk--accessflow--test.acsb-test.com/trpc/users.zendesk:0
[   39091ms] [ERROR] Error: TRPCClientError: User not authenticated
    at TRPCClientError.from (https://mix-p-sdk--accessflow--test.acsb-test.com/assets/index-Bb0M-jLp.js:65:8000)
    at https://mix-p-sdk--accessflow--test.acsb-test.com/assets/index-Bb0M-jLp.js:65:11195 @ https://mix-p-sdk--accessflow--test.acsb-test.com/assets/index-Bb0M-jLp.js:8587
[   39091ms] [ERROR] Component Stack: Unhandled Rejection @ https://mix-p-sdk--accessflow--test.acsb-test.com/assets/index-Bb0M-jLp.js:8587
[   39092ms] TRPCClientError: User not authenticated
    at TRPCClientError.from (https://mix-p-sdk--accessflow--test.acsb-test.com/assets/index-Bb0M-jLp.js:65:8000)
    at https://mix-p-sdk--accessflow--test.acsb-test.com/assets/index-Bb0M-jLp.js:65:11195
[   40779ms] [WARNING] Missing translation key:embeddable_framework.messenger.sources_cited.title_and_button @ https://static.zdassets.com/web_widget/messenger/latest/web-widget-main-3f24de8.js:1
[   40780ms] [WARNING] Missing translation key:embeddable_framework.messenger.sources_cited.title_and_button @ https://static.zdassets.com/web_widget/messenger/latest/web-widget-main-3f24de8.js:1
[   40781ms] [WARNING] Missing translation key:embeddable_framework.messenger.sources_cited.title_and_button @ https://static.zdassets.com/web_widget/messenger/latest/web-widget-main-3f24de8.js:1
