[      53ms] [ERROR] Failed to load resource: the server responded with a status of 412 () @ https://sdk-refactor--accessflow--test.acsb-test.com/trpc/users.me:0
[      54ms] [ERROR] Error: TRPCClientError: PRECONDITION_FAILED
    at TRPCClientError.from (https://sdk-refactor--accessflow--test.acsb-test.com/assets/index-utLCIGcZ.js:65:8000)
    at https://sdk-refactor--accessflow--test.acsb-test.com/assets/index-utLCIGcZ.js:65:11195 @ https://sdk-refactor--accessflow--test.acsb-test.com/assets/index-utLCIGcZ.js:8643
[      54ms] [ERROR] Component Stack: Unhandled Rejection @ https://sdk-refactor--accessflow--test.acsb-test.com/assets/index-utLCIGcZ.js:8643
[      56ms] TRPCClientError: PRECONDITION_FAILED
    at TRPCClientError.from (https://sdk-refactor--accessflow--test.acsb-test.com/assets/index-utLCIGcZ.js:65:8000)
    at https://sdk-refactor--accessflow--test.acsb-test.com/assets/index-utLCIGcZ.js:65:11195
[     144ms] [ERROR] Failed to load resource: the server responded with a status of 412 () @ https://sdk-refactor--accessflow--test.acsb-test.com/trpc/scans.getLastScans?input=%7B%22limit%22%3A30%7D:0
[     144ms] [ERROR] Failed to load resource: the server responded with a status of 404 () @ https://sdk-refactor--accessflow--test.acsb-test.com/trpc/website.mixpanelData:0
[     145ms] [ERROR] TRPCClientError: Website not found
    at TRPCClientError.from (https://sdk-refactor--accessflow--test.acsb-test.com/assets/index-utLCIGcZ.js:65:8000)
    at https://sdk-refactor--accessflow--test.acsb-test.com/assets/index-utLCIGcZ.js:65:11195 @ https://sdk-refactor--accessflow--test.acsb-test.com/assets/index-utLCIGcZ.js:8643
[     149ms] [ERROR] Failed to load resource: the server responded with a status of 412 () @ https://sdk-refactor--accessflow--test.acsb-test.com/trpc/website.active?input=%7B%22domain%22%3Anull%7D:0
[     149ms] [ERROR] Error: TRPCClientError: PRECONDITION_FAILED
    at TRPCClientError.from (https://sdk-refactor--accessflow--test.acsb-test.com/assets/index-utLCIGcZ.js:65:8000)
    at https://sdk-refactor--accessflow--test.acsb-test.com/assets/index-utLCIGcZ.js:65:11195 @ https://sdk-refactor--accessflow--test.acsb-test.com/assets/index-utLCIGcZ.js:8643
[     149ms] [ERROR] Component Stack: Unhandled Rejection @ https://sdk-refactor--accessflow--test.acsb-test.com/assets/index-utLCIGcZ.js:8643
[     150ms] TRPCClientError: PRECONDITION_FAILED
    at TRPCClientError.from (https://sdk-refactor--accessflow--test.acsb-test.com/assets/index-utLCIGcZ.js:65:8000)
    at https://sdk-refactor--accessflow--test.acsb-test.com/assets/index-utLCIGcZ.js:65:11195
[     433ms] [WARNING] Missing translation key:embeddable_framework.messenger.sources_cited.title_and_button @ https://static.zdassets.com/web_widget/messenger/latest/web-widget-main-3f24de8.js:1
[     728ms] [WARNING] Missing translation key:embeddable_framework.messenger.sources_cited.title_and_button @ https://static.zdassets.com/web_widget/messenger/latest/web-widget-main-3f24de8.js:1
[     730ms] [WARNING] Missing translation key:embeddable_framework.messenger.sources_cited.title_and_button @ https://static.zdassets.com/web_widget/messenger/latest/web-widget-main-3f24de8.js:1
[     732ms] [WARNING] Missing translation key:embeddable_framework.messenger.sources_cited.title_and_button @ https://static.zdassets.com/web_widget/messenger/latest/web-widget-main-3f24de8.js:1
[     735ms] [WARNING] Missing translation key:embeddable_framework.messenger.sources_cited.title_and_button @ https://static.zdassets.com/web_widget/messenger/latest/web-widget-main-3f24de8.js:1
[     737ms] [WARNING] Missing translation key:embeddable_framework.messenger.sources_cited.title_and_button @ https://static.zdassets.com/web_widget/messenger/latest/web-widget-main-3f24de8.js:1
[     738ms] [WARNING] Missing translation key:embeddable_framework.messenger.sources_cited.title_and_button @ https://static.zdassets.com/web_widget/messenger/latest/web-widget-main-3f24de8.js:1
[    2686ms] [ERROR] Failed to load resource: the server responded with a status of 412 () @ https://sdk-refactor--accessflow--test.acsb-test.com/trpc/website.checkSuccessfulScanExist:0
