[    3349ms] [ERROR] Failed to load resource: the server responded with a status of 412 () @ https://journey-seco--accessflow--test.acsb-test.com/trpc/website.checkSuccessfulScanExist:0
[    4161ms] [ERROR] Failed to load resource: the server responded with a status of 400 () @ https://journey-seco--accessflow--test.acsb-test.com/trpc/users.zendesk:0
[    4161ms] [ERROR] Error: TRPCClientError: User not authenticated
    at TRPCClientError.from (https://journey-seco--accessflow--test.acsb-test.com/assets/index-DBnok3WD.js:65:8000)
    at https://journey-seco--accessflow--test.acsb-test.com/assets/index-DBnok3WD.js:65:11195 @ https://journey-seco--accessflow--test.acsb-test.com/assets/index-DBnok3WD.js:8669
[    4162ms] [ERROR] Component Stack: Unhandled Rejection @ https://journey-seco--accessflow--test.acsb-test.com/assets/index-DBnok3WD.js:8669
[    4163ms] TRPCClientError: User not authenticated
    at TRPCClientError.from (https://journey-seco--accessflow--test.acsb-test.com/assets/index-DBnok3WD.js:65:8000)
    at https://journey-seco--accessflow--test.acsb-test.com/assets/index-DBnok3WD.js:65:11195
[    4402ms] [ERROR] Failed to load resource: the server responded with a status of 412 () @ https://journey-seco--accessflow--test.acsb-test.com/trpc/scans.getLastScans?input=%7B%22limit%22%3A30%7D:0
[    4406ms] [ERROR] Failed to load resource: the server responded with a status of 412 () @ https://journey-seco--accessflow--test.acsb-test.com/trpc/users.me:0
[    4406ms] [ERROR] Error: TRPCClientError: PRECONDITION_FAILED
    at TRPCClientError.from (https://journey-seco--accessflow--test.acsb-test.com/assets/index-DBnok3WD.js:65:8000)
    at https://journey-seco--accessflow--test.acsb-test.com/assets/index-DBnok3WD.js:65:11195 @ https://journey-seco--accessflow--test.acsb-test.com/assets/index-DBnok3WD.js:8669
[    4406ms] [ERROR] Component Stack: Unhandled Rejection @ https://journey-seco--accessflow--test.acsb-test.com/assets/index-DBnok3WD.js:8669
[    4407ms] TRPCClientError: PRECONDITION_FAILED
    at TRPCClientError.from (https://journey-seco--accessflow--test.acsb-test.com/assets/index-DBnok3WD.js:65:8000)
    at https://journey-seco--accessflow--test.acsb-test.com/assets/index-DBnok3WD.js:65:11195
[    4411ms] [ERROR] Failed to load resource: the server responded with a status of 412 () @ https://journey-seco--accessflow--test.acsb-test.com/trpc/website.active?input=%7B%22domain%22%3Anull%7D:0
[    4412ms] [ERROR] Error: TRPCClientError: PRECONDITION_FAILED
    at TRPCClientError.from (https://journey-seco--accessflow--test.acsb-test.com/assets/index-DBnok3WD.js:65:8000)
    at https://journey-seco--accessflow--test.acsb-test.com/assets/index-DBnok3WD.js:65:11195 @ https://journey-seco--accessflow--test.acsb-test.com/assets/index-DBnok3WD.js:8669
[    4412ms] [ERROR] Component Stack: Unhandled Rejection @ https://journey-seco--accessflow--test.acsb-test.com/assets/index-DBnok3WD.js:8669
[    4413ms] TRPCClientError: PRECONDITION_FAILED
    at TRPCClientError.from (https://journey-seco--accessflow--test.acsb-test.com/assets/index-DBnok3WD.js:65:8000)
    at https://journey-seco--accessflow--test.acsb-test.com/assets/index-DBnok3WD.js:65:11195
[    4640ms] [ERROR] Failed to load resource: the server responded with a status of 404 () @ https://journey-seco--accessflow--test.acsb-test.com/trpc/website.mixpanelData:0
[    4641ms] [ERROR] Failed to load resource: the server responded with a status of 412 () @ https://journey-seco--accessflow--test.acsb-test.com/trpc/website.checkSuccessfulScanExist:0
[    4641ms] [ERROR] TRPCClientError: Website not found
    at TRPCClientError.from (https://journey-seco--accessflow--test.acsb-test.com/assets/index-DBnok3WD.js:65:8000)
    at https://journey-seco--accessflow--test.acsb-test.com/assets/index-DBnok3WD.js:65:11195 @ https://journey-seco--accessflow--test.acsb-test.com/assets/index-DBnok3WD.js:8669
[    5671ms] [ERROR] Failed to load resource: the server responded with a status of 412 () @ https://journey-seco--accessflow--test.acsb-test.com/trpc/scans.getLastScans?input=%7B%22limit%22%3A30%7D:0
[    6921ms] [ERROR] Failed to load resource: the server responded with a status of 412 () @ https://journey-seco--accessflow--test.acsb-test.com/trpc/website.checkSuccessfulScanExist:0
[    7936ms] [ERROR] Failed to load resource: the server responded with a status of 412 () @ https://journey-seco--accessflow--test.acsb-test.com/trpc/scans.getLastScans?input=%7B%22limit%22%3A30%7D:0
[   11199ms] [ERROR] Failed to load resource: the server responded with a status of 412 () @ https://journey-seco--accessflow--test.acsb-test.com/trpc/website.checkSuccessfulScanExist:0
[   12213ms] [ERROR] Failed to load resource: the server responded with a status of 412 () @ https://journey-seco--accessflow--test.acsb-test.com/trpc/scans.getLastScans?input=%7B%22limit%22%3A30%7D:0
[   14393ms] [ERROR] Failed to load resource: the server responded with a status of 412 () @ https://journey-seco--accessflow--test.acsb-test.com/trpc/liveUpdates.getLastUpates?input=%7B%22lastAssetsUpdate%22%3A%222026-02-26T11%3A46%3A31.243Z%22%2C%22lastScansUpdate%22%3A%222026-02-26T11%3A46%3A31.243Z%22%2C%22lastNotificationsUpdate%22%3A%222026-02-26T11%3A46%3A31.243Z%22%2C%22lastWebsiteUpdate%22%3A%222026-02-26T11%3A46%3A31.243Z%22%2C%22lastWebpagesUpdate%22%3A%222026-02-26T11%3A46%3A31.243Z%22%2C%22lastUserUpdate%22%3A%222026-02-26T11%3A46%3A31.243Z%22%2C%22lastFunnelsUpdate%22%3A%222026-02-26T11%3A46%3A31.243Z%22%2C%22affectedPages%22%3A%5B%5D%2C%22affectedIssues%22%3A%5B%5D%2C%22affectedScans%22%3A%5B%5D%2C%22affectedFunnels%22%3A%5B%5D%2C%22lastAnnouncementsUpdate%22%3A%222026-02-26T11%3A46%3A31.243Z%22%7D:0
[   38785ms] [ERROR] Failed to load resource: the server responded with a status of 412 () @ https://journey-seco--accessflow--test.acsb-test.com/trpc/website.checkSuccessfulScanExist:0
[   39171ms] [ERROR] Failed to load resource: the server responded with a status of 400 () @ https://journey-seco--accessflow--test.acsb-test.com/trpc/users.zendesk:0
[   39171ms] [ERROR] Error: TRPCClientError: User not authenticated
    at TRPCClientError.from (https://journey-seco--accessflow--test.acsb-test.com/assets/index-DBnok3WD.js:65:8000)
    at https://journey-seco--accessflow--test.acsb-test.com/assets/index-DBnok3WD.js:65:11195 @ https://journey-seco--accessflow--test.acsb-test.com/assets/index-DBnok3WD.js:8669
[   39171ms] [ERROR] Component Stack: Unhandled Rejection @ https://journey-seco--accessflow--test.acsb-test.com/assets/index-DBnok3WD.js:8669
[   39172ms] TRPCClientError: User not authenticated
    at TRPCClientError.from (https://journey-seco--accessflow--test.acsb-test.com/assets/index-DBnok3WD.js:65:8000)
    at https://journey-seco--accessflow--test.acsb-test.com/assets/index-DBnok3WD.js:65:11195
