[    8521ms] [WARNING] Missing translation key:embeddable_framework.messenger.sources_cited.title_and_button @ https://static.zdassets.com/web_widget/messenger/latest/web-widget-main-3f24de8.js:1
[    9114ms] [WARNING] Missing translation key:embeddable_framework.messenger.sources_cited.title_and_button @ https://static.zdassets.com/web_widget/messenger/latest/web-widget-main-3f24de8.js:1
[    9117ms] [WARNING] Missing translation key:embeddable_framework.messenger.sources_cited.title_and_button @ https://static.zdassets.com/web_widget/messenger/latest/web-widget-main-3f24de8.js:1
[    9119ms] [WARNING] Missing translation key:embeddable_framework.messenger.sources_cited.title_and_button @ https://static.zdassets.com/web_widget/messenger/latest/web-widget-main-3f24de8.js:1
[    9134ms] [WARNING] Missing translation key:embeddable_framework.messenger.sources_cited.title_and_button @ https://static.zdassets.com/web_widget/messenger/latest/web-widget-main-3f24de8.js:1
[    9136ms] [WARNING] Missing translation key:embeddable_framework.messenger.sources_cited.title_and_button @ https://static.zdassets.com/web_widget/messenger/latest/web-widget-main-3f24de8.js:1
[    9137ms] [WARNING] Missing translation key:embeddable_framework.messenger.sources_cited.title_and_button @ https://static.zdassets.com/web_widget/messenger/latest/web-widget-main-3f24de8.js:1
[   10781ms] [ERROR] Failed to load resource: the server responded with a status of 412 () @ https://mix-p-sdk--accessflow--test.acsb-test.com/trpc/website.checkSuccessfulScanExist:0
[   11521ms] [ERROR] Failed to load resource: the server responded with a status of 400 () @ https://mix-p-sdk--accessflow--test.acsb-test.com/trpc/users.zendesk:0
[   11522ms] [ERROR] Error: TRPCClientError: User not authenticated
    at TRPCClientError.from (https://mix-p-sdk--accessflow--test.acsb-test.com/assets/index-Bb0M-jLp.js:65:8000)
    at https://mix-p-sdk--accessflow--test.acsb-test.com/assets/index-Bb0M-jLp.js:65:11195 @ https://mix-p-sdk--accessflow--test.acsb-test.com/assets/index-Bb0M-jLp.js:8587
[   11522ms] [ERROR] Component Stack: Unhandled Rejection @ https://mix-p-sdk--accessflow--test.acsb-test.com/assets/index-Bb0M-jLp.js:8587
[   11523ms] TRPCClientError: User not authenticated
    at TRPCClientError.from (https://mix-p-sdk--accessflow--test.acsb-test.com/assets/index-Bb0M-jLp.js:65:8000)
    at https://mix-p-sdk--accessflow--test.acsb-test.com/assets/index-Bb0M-jLp.js:65:11195
[   11735ms] [ERROR] Failed to load resource: the server responded with a status of 412 () @ https://mix-p-sdk--accessflow--test.acsb-test.com/trpc/users.me:0
[   11735ms] [ERROR] Error: TRPCClientError: PRECONDITION_FAILED
    at TRPCClientError.from (https://mix-p-sdk--accessflow--test.acsb-test.com/assets/index-Bb0M-jLp.js:65:8000)
    at https://mix-p-sdk--accessflow--test.acsb-test.com/assets/index-Bb0M-jLp.js:65:11195 @ https://mix-p-sdk--accessflow--test.acsb-test.com/assets/index-Bb0M-jLp.js:8587
[   11736ms] [ERROR] Component Stack: Unhandled Rejection @ https://mix-p-sdk--accessflow--test.acsb-test.com/assets/index-Bb0M-jLp.js:8587
[   11737ms] TRPCClientError: PRECONDITION_FAILED
    at TRPCClientError.from (https://mix-p-sdk--accessflow--test.acsb-test.com/assets/index-Bb0M-jLp.js:65:8000)
    at https://mix-p-sdk--accessflow--test.acsb-test.com/assets/index-Bb0M-jLp.js:65:11195
[   11804ms] [ERROR] Failed to load resource: the server responded with a status of 412 () @ https://mix-p-sdk--accessflow--test.acsb-test.com/trpc/scans.getLastScans?input=%7B%22limit%22%3A30%7D:0
[   11848ms] [ERROR] Failed to load resource: the server responded with a status of 404 () @ https://mix-p-sdk--accessflow--test.acsb-test.com/trpc/website.mixpanelData:0
[   11849ms] [ERROR] TRPCClientError: Website not found
    at TRPCClientError.from (https://mix-p-sdk--accessflow--test.acsb-test.com/assets/index-Bb0M-jLp.js:65:8000)
    at https://mix-p-sdk--accessflow--test.acsb-test.com/assets/index-Bb0M-jLp.js:65:11195 @ https://mix-p-sdk--accessflow--test.acsb-test.com/assets/index-Bb0M-jLp.js:8587
[   11856ms] [ERROR] Failed to load resource: the server responded with a status of 412 () @ https://mix-p-sdk--accessflow--test.acsb-test.com/trpc/website.active?input=%7B%22domain%22%3Anull%7D:0
[   11856ms] [ERROR] Error: TRPCClientError: PRECONDITION_FAILED
    at TRPCClientError.from (https://mix-p-sdk--accessflow--test.acsb-test.com/assets/index-Bb0M-jLp.js:65:8000)
    at https://mix-p-sdk--accessflow--test.acsb-test.com/assets/index-Bb0M-jLp.js:65:11195 @ https://mix-p-sdk--accessflow--test.acsb-test.com/assets/index-Bb0M-jLp.js:8587
[   11857ms] [ERROR] Component Stack: Unhandled Rejection @ https://mix-p-sdk--accessflow--test.acsb-test.com/assets/index-Bb0M-jLp.js:8587
[   11858ms] TRPCClientError: PRECONDITION_FAILED
    at TRPCClientError.from (https://mix-p-sdk--accessflow--test.acsb-test.com/assets/index-Bb0M-jLp.js:65:8000)
    at https://mix-p-sdk--accessflow--test.acsb-test.com/assets/index-Bb0M-jLp.js:65:11195
[   12042ms] [ERROR] Failed to load resource: the server responded with a status of 412 () @ https://mix-p-sdk--accessflow--test.acsb-test.com/trpc/website.checkSuccessfulScanExist:0
[   13068ms] [ERROR] Failed to load resource: the server responded with a status of 412 () @ https://mix-p-sdk--accessflow--test.acsb-test.com/trpc/scans.getLastScans?input=%7B%22limit%22%3A30%7D:0
[   14303ms] [ERROR] Failed to load resource: the server responded with a status of 412 () @ https://mix-p-sdk--accessflow--test.acsb-test.com/trpc/website.checkSuccessfulScanExist:0
[   15336ms] [ERROR] Failed to load resource: the server responded with a status of 412 () @ https://mix-p-sdk--accessflow--test.acsb-test.com/trpc/scans.getLastScans?input=%7B%22limit%22%3A30%7D:0
[   18560ms] [ERROR] Failed to load resource: the server responded with a status of 412 () @ https://mix-p-sdk--accessflow--test.acsb-test.com/trpc/website.checkSuccessfulScanExist:0
[   19594ms] [ERROR] Failed to load resource: the server responded with a status of 412 () @ https://mix-p-sdk--accessflow--test.acsb-test.com/trpc/scans.getLastScans?input=%7B%22limit%22%3A30%7D:0
[   21737ms] [ERROR] Failed to load resource: the server responded with a status of 412 () @ https://mix-p-sdk--accessflow--test.acsb-test.com/trpc/liveUpdates.getLastUpates?input=%7B%22lastAssetsUpdate%22%3A%222026-02-15T17%3A24%3A17.805Z%22%2C%22lastScansUpdate%22%3A%222026-02-15T17%3A24%3A17.805Z%22%2C%22lastNotificationsUpdate%22%3A%222026-02-15T17%3A24%3A17.805Z%22%2C%22lastWebsiteUpdate%22%3A%222026-02-15T17%3A24%3A17.805Z%22%2C%22lastWebpagesUpdate%22%3A%222026-02-15T17%3A24%3A17.805Z%22%2C%22lastUserUpdate%22%3A%222026-02-15T17%3A24%3A17.805Z%22%2C%22lastFunnelsUpdate%22%3A%222026-02-15T17%3A24%3A17.805Z%22%2C%22affectedPages%22%3A%5B%5D%2C%22affectedIssues%22%3A%5B%5D%2C%22affectedScans%22%3A%5B%5D%2C%22affectedFunnels%22%3A%5B%5D%2C%22lastAnnouncementsUpdate%22%3A%222026-02-15T17%3A24%3A17.805Z%22%7D:0
[   60823ms] [WARNING] Missing translation key:embeddable_framework.messenger.sources_cited.title_and_button @ https://static.zdassets.com/web_widget/messenger/latest/web-widget-main-3f24de8.js:1
[   61242ms] [WARNING] Missing translation key:embeddable_framework.messenger.sources_cited.title_and_button @ https://static.zdassets.com/web_widget/messenger/latest/web-widget-main-3f24de8.js:1
[   61244ms] [WARNING] Missing translation key:embeddable_framework.messenger.sources_cited.title_and_button @ https://static.zdassets.com/web_widget/messenger/latest/web-widget-main-3f24de8.js:1
[   61247ms] [WARNING] Missing translation key:embeddable_framework.messenger.sources_cited.title_and_button @ https://static.zdassets.com/web_widget/messenger/latest/web-widget-main-3f24de8.js:1
[   61251ms] [WARNING] Missing translation key:embeddable_framework.messenger.sources_cited.title_and_button @ https://static.zdassets.com/web_widget/messenger/latest/web-widget-main-3f24de8.js:1
[   61252ms] [WARNING] Missing translation key:embeddable_framework.messenger.sources_cited.title_and_button @ https://static.zdassets.com/web_widget/messenger/latest/web-widget-main-3f24de8.js:1
[   61253ms] [WARNING] Missing translation key:embeddable_framework.messenger.sources_cited.title_and_button @ https://static.zdassets.com/web_widget/messenger/latest/web-widget-main-3f24de8.js:1
[   62853ms] [ERROR] Failed to load resource: the server responded with a status of 412 () @ https://mix-p-sdk--accessflow--test.acsb-test.com/trpc/website.checkSuccessfulScanExist:0
[   62992ms] [ERROR] Failed to load resource: the server responded with a status of 400 () @ https://mix-p-sdk--accessflow--test.acsb-test.com/trpc/users.zendesk:0
[   62992ms] [ERROR] Error: TRPCClientError: User not authenticated
    at TRPCClientError.from (https://mix-p-sdk--accessflow--test.acsb-test.com/assets/index-Bb0M-jLp.js:65:8000)
    at https://mix-p-sdk--accessflow--test.acsb-test.com/assets/index-Bb0M-jLp.js:65:11195 @ https://mix-p-sdk--accessflow--test.acsb-test.com/assets/index-Bb0M-jLp.js:8587
[   62992ms] [ERROR] Component Stack: Unhandled Rejection @ https://mix-p-sdk--accessflow--test.acsb-test.com/assets/index-Bb0M-jLp.js:8587
[   62995ms] TRPCClientError: User not authenticated
    at TRPCClientError.from (https://mix-p-sdk--accessflow--test.acsb-test.com/assets/index-Bb0M-jLp.js:65:8000)
    at https://mix-p-sdk--accessflow--test.acsb-test.com/assets/index-Bb0M-jLp.js:65:11195
[   65208ms] [WARNING] Missing translation key:embeddable_framework.messenger.sources_cited.title_and_button @ https://static.zdassets.com/web_widget/messenger/latest/web-widget-main-3f24de8.js:1
[   65209ms] [WARNING] Missing translation key:embeddable_framework.messenger.sources_cited.title_and_button @ https://static.zdassets.com/web_widget/messenger/latest/web-widget-main-3f24de8.js:1
[   65210ms] [WARNING] Missing translation key:embeddable_framework.messenger.sources_cited.title_and_button @ https://static.zdassets.com/web_widget/messenger/latest/web-widget-main-3f24de8.js:1
